E:\GITHUB\ONLINEFACEOFHFGA\DEBUG\ONLINEFACEOFHFGAV1.0.EXE
E:\GITHUB\ONLINEFACEOFHFGA\DEBUG\ONLINEFACEOFHFGAV1.0.ILK
E:\GITHUB\ONLINEFACEOFHFGA\DEBUG\ONLINEFACEOFHFGAV1.0.PDB
E:\GITHUB\ONLINEFACEOFHFGA\ONLINEFACEOFHFGAV1.0\DEBUG\CREATE_NEW_THREAD.OBJ
E:\GITHUB\ONLINEFACEOFHFGA\ONLINEFACEOFHFGAV1.0\DEBUG\DETECT_FACE.OBJ
E:\GITHUB\ONLINEFACEOFHFGA\ONLINEFACEOFHFGAV1.0\DEBUG\DRAWIMAGE.OBJ
E:\GITHUB\ONLINEFACEOFHFGA\ONLINEFACEOFHFGAV1.0\DEBUG\FACE_COMPARE.OBJ
E:\GITHUB\ONLINEFACEOFHFGA\ONLINEFACEOFHFGAV1.0\DEBUG\GET_CNN_FEATURE.OBJ
E:\GITHUB\ONLINEFACEOFHFGA\ONLINEFACEOFHFGAV1.0\DEBUG\GETCARDINFO.OBJ
E:\GITHUB\ONLINEFACEOFHFGA\ONLINEFACEOFHFGAV1.0\DEBUG\GETFILES.OBJ
E:\GITHUB\ONLINEFACEOFHFGA\ONLINEFACEOFHFGAV1.0\DEBUG\MAIN.OBJ
E:\GITHUB\ONLINEFACEOFHFGA\ONLINEFACEOFHFGAV1.0\DEBUG\ONLINEFACEOFHFGAV1.0.EXE.EMBED.MANIFEST.RES
E:\GITHUB\ONLINEFACEOFHFGA\ONLINEFACEOFHFGAV1.0\DEBUG\ONLINEFACEOFHFGAV1.0.EXE.INTERMEDIATE.MANIFEST
E:\GITHUB\ONLINEFACEOFHFGA\ONLINEFACEOFHFGAV1.0\DEBUG\RECOGNITION_MODE.OBJ
E:\GITHUB\ONLINEFACEOFHFGA\ONLINEFACEOFHFGAV1.0\DEBUG\REGISTER.OBJ
E:\GITHUB\ONLINEFACEOFHFGA\ONLINEFACEOFHFGAV1.0\DEBUG\REGISTER_MODE.OBJ
E:\GITHUB\ONLINEFACEOFHFGA\ONLINEFACEOFHFGAV1.0\DEBUG\SHOW_COMPARE_RESULT.OBJ
E:\GITHUB\ONLINEFACEOFHFGA\ONLINEFACEOFHFGAV1.0\DEBUG\VC100.PDB
E:\GITHUB\ONLINEFACEOFHFGA\ONLINEFACEOFHFGAV1.0\DEBUG\VERSION_INFO_SHOW.OBJ
E:\GITHUB\ONLINEFACEOFHFGA\ONLINEFACEOFHFGAV1.0\DEBUG\VIDEO_CAMERA.OBJ
E:\WORK\VS2010 WORKSPACE\ONLINEFACEOFHFGAV1.0\DEBUG\ONLINEFACEOFHFGAV1.0.EXE
E:\WORK\VS2010 WORKSPACE\ONLINEFACEOFHFGAV1.0\DEBUG\ONLINEFACEOFHFGAV1.0.ILK
E:\WORK\VS2010 WORKSPACE\ONLINEFACEOFHFGAV1.0\DEBUG\ONLINEFACEOFHFGAV1.0.PDB
E:\WORK\VS2010 WORKSPACE\ONLINEFACEOFHFGAV1.0\ONLINEFACEOFHFGAV1.0\DEBUG\CREATE_NEW_THREAD.OBJ
E:\WORK\VS2010 WORKSPACE\ONLINEFACEOFHFGAV1.0\ONLINEFACEOFHFGAV1.0\DEBUG\DETECT_FACE.OBJ
E:\WORK\VS2010 WORKSPACE\ONLINEFACEOFHFGAV1.0\ONLINEFACEOFHFGAV1.0\DEBUG\DRAWIMAGE.OBJ
E:\WORK\VS2010 WORKSPACE\ONLINEFACEOFHFGAV1.0\ONLINEFACEOFHFGAV1.0\DEBUG\FACE_COMPARE.OBJ
E:\WORK\VS2010 WORKSPACE\ONLINEFACEOFHFGAV1.0\ONLINEFACEOFHFGAV1.0\DEBUG\GET_CNN_FEATURE.OBJ
E:\WORK\VS2010 WORKSPACE\ONLINEFACEOFHFGAV1.0\ONLINEFACEOFHFGAV1.0\DEBUG\GETCARDINFO.OBJ
E:\WORK\VS2010 WORKSPACE\ONLINEFACEOFHFGAV1.0\ONLINEFACEOFHFGAV1.0\DEBUG\GETFILES.OBJ
E:\WORK\VS2010 WORKSPACE\ONLINEFACEOFHFGAV1.0\ONLINEFACEOFHFGAV1.0\DEBUG\MAIN.OBJ
E:\WORK\VS2010 WORKSPACE\ONLINEFACEOFHFGAV1.0\ONLINEFACEOFHFGAV1.0\DEBUG\ONLINEFACEOFHFGAV1.0.EXE.EMBED.MANIFEST
E:\WORK\VS2010 WORKSPACE\ONLINEFACEOFHFGAV1.0\ONLINEFACEOFHFGAV1.0\DEBUG\ONLINEFACEOFHFGAV1.0.EXE.EMBED.MANIFEST.RES
E:\WORK\VS2010 WORKSPACE\ONLINEFACEOFHFGAV1.0\ONLINEFACEOFHFGAV1.0\DEBUG\ONLINEFACEOFHFGAV1.0.EXE.INTERMEDIATE.MANIFEST
E:\WORK\VS2010 WORKSPACE\ONLINEFACEOFHFGAV1.0\ONLINEFACEOFHFGAV1.0\DEBUG\RECOGNITION_MODE.OBJ
E:\WORK\VS2010 WORKSPACE\ONLINEFACEOFHFGAV1.0\ONLINEFACEOFHFGAV1.0\DEBUG\REGISTER.OBJ
E:\WORK\VS2010 WORKSPACE\ONLINEFACEOFHFGAV1.0\ONLINEFACEOFHFGAV1.0\DEBUG\REGISTER_MODE.OBJ
E:\WORK\VS2010 WORKSPACE\ONLINEFACEOFHFGAV1.0\ONLINEFACEOFHFGAV1.0\DEBUG\SHOW_COMPARE_RESULT.OBJ
E:\WORK\VS2010 WORKSPACE\ONLINEFACEOFHFGAV1.0\ONLINEFACEOFHFGAV1.0\DEBUG\VC100.PDB
E:\WORK\VS2010 WORKSPACE\ONLINEFACEOFHFGAV1.0\ONLINEFACEOFHFGAV1.0\DEBUG\VERSION_INFO_SHOW.OBJ
E:\WORK\VS2010 WORKSPACE\ONLINEFACEOFHFGAV1.0\ONLINEFACEOFHFGAV1.0\DEBUG\VIDEO_CAMERA.OBJ
E:\桌面\最近项目相关\人脸检索实验\ONLINEFACEOFHFGA\DEBUG\ONLINEFACEOFHFGAV1.0.EXE
E:\桌面\最近项目相关\人脸检索实验\ONLINEFACEOFHFGA\DEBUG\ONLINEFACEOFHFGAV1.0.ILK
E:\桌面\最近项目相关\人脸检索实验\ONLINEFACEOFHFGA\DEBUG\ONLINEFACEOFHFGAV1.0.PDB
E:\桌面\最近项目相关\人脸检索实验\OnlineFaceofHFGA\OnlineFaceofHFGAv1.0\Debug\cl.command.1.tlog
E:\桌面\最近项目相关\人脸检索实验\OnlineFaceofHFGA\OnlineFaceofHFGAv1.0\Debug\CL.read.1.tlog
E:\桌面\最近项目相关\人脸检索实验\OnlineFaceofHFGA\OnlineFaceofHFGAv1.0\Debug\CL.write.1.tlog
E:\桌面\最近项目相关\人脸检索实验\ONLINEFACEOFHFGA\ONLINEFACEOFHFGAV1.0\DEBUG\CREATE_NEW_THREAD.OBJ
E:\桌面\最近项目相关\人脸检索实验\ONLINEFACEOFHFGA\ONLINEFACEOFHFGAV1.0\DEBUG\DETECT_FACE.OBJ
E:\桌面\最近项目相关\人脸检索实验\ONLINEFACEOFHFGA\ONLINEFACEOFHFGAV1.0\DEBUG\DRAWIMAGE.OBJ
E:\桌面\最近项目相关\人脸检索实验\ONLINEFACEOFHFGA\ONLINEFACEOFHFGAV1.0\DEBUG\FACE_COMPARE.OBJ
E:\桌面\最近项目相关\人脸检索实验\ONLINEFACEOFHFGA\ONLINEFACEOFHFGAV1.0\DEBUG\GET_CNN_FEATURE.OBJ
E:\桌面\最近项目相关\人脸检索实验\ONLINEFACEOFHFGA\ONLINEFACEOFHFGAV1.0\DEBUG\GETCARDINFO.OBJ
E:\桌面\最近项目相关\人脸检索实验\ONLINEFACEOFHFGA\ONLINEFACEOFHFGAV1.0\DEBUG\GETFILES.OBJ
E:\桌面\最近项目相关\人脸检索实验\OnlineFaceofHFGA\OnlineFaceofHFGAv1.0\Debug\link.11396.read.1.tlog
E:\桌面\最近项目相关\人脸检索实验\OnlineFaceofHFGA\OnlineFaceofHFGAv1.0\Debug\link.11396.write.1.tlog
E:\桌面\最近项目相关\人脸检索实验\OnlineFaceofHFGA\OnlineFaceofHFGAv1.0\Debug\link.11396-cvtres.read.1.tlog
E:\桌面\最近项目相关\人脸检索实验\OnlineFaceofHFGA\OnlineFaceofHFGAv1.0\Debug\link.11396-cvtres.write.1.tlog
E:\桌面\最近项目相关\人脸检索实验\OnlineFaceofHFGA\OnlineFaceofHFGAv1.0\Debug\link.11476.read.1.tlog
E:\桌面\最近项目相关\人脸检索实验\OnlineFaceofHFGA\OnlineFaceofHFGAv1.0\Debug\link.11476.write.1.tlog
E:\桌面\最近项目相关\人脸检索实验\OnlineFaceofHFGA\OnlineFaceofHFGAv1.0\Debug\link.11476-cvtres.read.1.tlog
E:\桌面\最近项目相关\人脸检索实验\OnlineFaceofHFGA\OnlineFaceofHFGAv1.0\Debug\link.11476-cvtres.write.1.tlog
E:\桌面\最近项目相关\人脸检索实验\OnlineFaceofHFGA\OnlineFaceofHFGAv1.0\Debug\link.14280.read.1.tlog
E:\桌面\最近项目相关\人脸检索实验\OnlineFaceofHFGA\OnlineFaceofHFGAv1.0\Debug\link.14280.write.1.tlog
E:\桌面\最近项目相关\人脸检索实验\OnlineFaceofHFGA\OnlineFaceofHFGAv1.0\Debug\link.14280-cvtres.read.1.tlog
E:\桌面\最近项目相关\人脸检索实验\OnlineFaceofHFGA\OnlineFaceofHFGAv1.0\Debug\link.14280-cvtres.write.1.tlog
E:\桌面\最近项目相关\人脸检索实验\OnlineFaceofHFGA\OnlineFaceofHFGAv1.0\Debug\link.15848.read.1.tlog
E:\桌面\最近项目相关\人脸检索实验\OnlineFaceofHFGA\OnlineFaceofHFGAv1.0\Debug\link.15848.write.1.tlog
E:\桌面\最近项目相关\人脸检索实验\OnlineFaceofHFGA\OnlineFaceofHFGAv1.0\Debug\link.15848-cvtres.read.1.tlog
E:\桌面\最近项目相关\人脸检索实验\OnlineFaceofHFGA\OnlineFaceofHFGAv1.0\Debug\link.15848-cvtres.write.1.tlog
E:\桌面\最近项目相关\人脸检索实验\OnlineFaceofHFGA\OnlineFaceofHFGAv1.0\Debug\link.17448.read.1.tlog
E:\桌面\最近项目相关\人脸检索实验\OnlineFaceofHFGA\OnlineFaceofHFGAv1.0\Debug\link.17448.write.1.tlog
E:\桌面\最近项目相关\人脸检索实验\OnlineFaceofHFGA\OnlineFaceofHFGAv1.0\Debug\link.17448-cvtres.read.1.tlog
E:\桌面\最近项目相关\人脸检索实验\OnlineFaceofHFGA\OnlineFaceofHFGAv1.0\Debug\link.17448-cvtres.write.1.tlog
E:\桌面\最近项目相关\人脸检索实验\OnlineFaceofHFGA\OnlineFaceofHFGAv1.0\Debug\link.17660.read.1.tlog
E:\桌面\最近项目相关\人脸检索实验\OnlineFaceofHFGA\OnlineFaceofHFGAv1.0\Debug\link.17660.write.1.tlog
E:\桌面\最近项目相关\人脸检索实验\OnlineFaceofHFGA\OnlineFaceofHFGAv1.0\Debug\link.17660-cvtres.read.1.tlog
E:\桌面\最近项目相关\人脸检索实验\OnlineFaceofHFGA\OnlineFaceofHFGAv1.0\Debug\link.17660-cvtres.write.1.tlog
E:\桌面\最近项目相关\人脸检索实验\OnlineFaceofHFGA\OnlineFaceofHFGAv1.0\Debug\link.17716.read.1.tlog
E:\桌面\最近项目相关\人脸检索实验\OnlineFaceofHFGA\OnlineFaceofHFGAv1.0\Debug\link.17716.write.1.tlog
E:\桌面\最近项目相关\人脸检索实验\OnlineFaceofHFGA\OnlineFaceofHFGAv1.0\Debug\link.17716-cvtres.read.1.tlog
E:\桌面\最近项目相关\人脸检索实验\OnlineFaceofHFGA\OnlineFaceofHFGAv1.0\Debug\link.17716-cvtres.write.1.tlog
E:\桌面\最近项目相关\人脸检索实验\OnlineFaceofHFGA\OnlineFaceofHFGAv1.0\Debug\link.18060.read.1.tlog
E:\桌面\最近项目相关\人脸检索实验\OnlineFaceofHFGA\OnlineFaceofHFGAv1.0\Debug\link.18060.write.1.tlog
E:\桌面\最近项目相关\人脸检索实验\OnlineFaceofHFGA\OnlineFaceofHFGAv1.0\Debug\link.18060-cvtres.read.1.tlog
E:\桌面\最近项目相关\人脸检索实验\OnlineFaceofHFGA\OnlineFaceofHFGAv1.0\Debug\link.18060-cvtres.write.1.tlog
E:\桌面\最近项目相关\人脸检索实验\OnlineFaceofHFGA\OnlineFaceofHFGAv1.0\Debug\link.3516.read.1.tlog
E:\桌面\最近项目相关\人脸检索实验\OnlineFaceofHFGA\OnlineFaceofHFGAv1.0\Debug\link.3516.write.1.tlog
E:\桌面\最近项目相关\人脸检索实验\OnlineFaceofHFGA\OnlineFaceofHFGAv1.0\Debug\link.3516-cvtres.read.1.tlog
E:\桌面\最近项目相关\人脸检索实验\OnlineFaceofHFGA\OnlineFaceofHFGAv1.0\Debug\link.3516-cvtres.write.1.tlog
E:\桌面\最近项目相关\人脸检索实验\OnlineFaceofHFGA\OnlineFaceofHFGAv1.0\Debug\link.8328.read.1.tlog
E:\桌面\最近项目相关\人脸检索实验\OnlineFaceofHFGA\OnlineFaceofHFGAv1.0\Debug\link.8328.write.1.tlog
E:\桌面\最近项目相关\人脸检索实验\OnlineFaceofHFGA\OnlineFaceofHFGAv1.0\Debug\link.8328-cvtres.read.1.tlog
E:\桌面\最近项目相关\人脸检索实验\OnlineFaceofHFGA\OnlineFaceofHFGAv1.0\Debug\link.8328-cvtres.write.1.tlog
E:\桌面\最近项目相关\人脸检索实验\OnlineFaceofHFGA\OnlineFaceofHFGAv1.0\Debug\link.9444.read.1.tlog
E:\桌面\最近项目相关\人脸检索实验\OnlineFaceofHFGA\OnlineFaceofHFGAv1.0\Debug\link.9444.write.1.tlog
E:\桌面\最近项目相关\人脸检索实验\OnlineFaceofHFGA\OnlineFaceofHFGAv1.0\Debug\link.9444-cvtres.read.1.tlog
E:\桌面\最近项目相关\人脸检索实验\OnlineFaceofHFGA\OnlineFaceofHFGAv1.0\Debug\link.9444-cvtres.write.1.tlog
E:\桌面\最近项目相关\人脸检索实验\OnlineFaceofHFGA\OnlineFaceofHFGAv1.0\Debug\link.9752.read.1.tlog
E:\桌面\最近项目相关\人脸检索实验\OnlineFaceofHFGA\OnlineFaceofHFGAv1.0\Debug\link.9752.write.1.tlog
E:\桌面\最近项目相关\人脸检索实验\OnlineFaceofHFGA\OnlineFaceofHFGAv1.0\Debug\link.9752-cvtres.read.1.tlog
E:\桌面\最近项目相关\人脸检索实验\OnlineFaceofHFGA\OnlineFaceofHFGAv1.0\Debug\link.9752-cvtres.write.1.tlog
E:\桌面\最近项目相关\人脸检索实验\OnlineFaceofHFGA\OnlineFaceofHFGAv1.0\Debug\link.command.1.tlog
E:\桌面\最近项目相关\人脸检索实验\OnlineFaceofHFGA\OnlineFaceofHFGAv1.0\Debug\link.read.1.tlog
E:\桌面\最近项目相关\人脸检索实验\OnlineFaceofHFGA\OnlineFaceofHFGAv1.0\Debug\link.write.1.tlog
E:\桌面\最近项目相关\人脸检索实验\OnlineFaceofHFGA\OnlineFaceofHFGAv1.0\Debug\link-cvtres.read.1.tlog
E:\桌面\最近项目相关\人脸检索实验\OnlineFaceofHFGA\OnlineFaceofHFGAv1.0\Debug\link-cvtres.write.1.tlog
E:\桌面\最近项目相关\人脸检索实验\ONLINEFACEOFHFGA\ONLINEFACEOFHFGAV1.0\DEBUG\MAIN.OBJ
E:\桌面\最近项目相关\人脸检索实验\OnlineFaceofHFGA\OnlineFaceofHFGAv1.0\Debug\mt.command.1.tlog
E:\桌面\最近项目相关\人脸检索实验\OnlineFaceofHFGA\OnlineFaceofHFGAv1.0\Debug\mt.read.1.tlog
E:\桌面\最近项目相关\人脸检索实验\OnlineFaceofHFGA\OnlineFaceofHFGAv1.0\Debug\mt.write.1.tlog
E:\桌面\最近项目相关\人脸检索实验\OnlineFaceofHFGA\OnlineFaceofHFGAv1.0\Debug\OnlineFaceofHFGAv1.0.exe.embed.manifest
E:\桌面\最近项目相关\人脸检索实验\ONLINEFACEOFHFGA\ONLINEFACEOFHFGAV1.0\DEBUG\ONLINEFACEOFHFGAV1.0.EXE.EMBED.MANIFEST.RES
E:\桌面\最近项目相关\人脸检索实验\ONLINEFACEOFHFGA\ONLINEFACEOFHFGAV1.0\DEBUG\ONLINEFACEOFHFGAV1.0.EXE.INTERMEDIATE.MANIFEST
E:\桌面\最近项目相关\人脸检索实验\OnlineFaceofHFGA\OnlineFaceofHFGAv1.0\Debug\OnlineFaceofHFGAv1.0.vcxprojResolveAssemblyReference.cache
E:\桌面\最近项目相关\人脸检索实验\OnlineFaceofHFGA\OnlineFaceofHFGAv1.0\Debug\OnlineFaceofHFGAv1.0.write.1.tlog
E:\桌面\最近项目相关\人脸检索实验\OnlineFaceofHFGA\OnlineFaceofHFGAv1.0\Debug\OnlineFaceofHFGAv1.0_manifest.rc
E:\桌面\最近项目相关\人脸检索实验\OnlineFaceofHFGA\OnlineFaceofHFGAv1.0\Debug\rc.command.1.tlog
E:\桌面\最近项目相关\人脸检索实验\OnlineFaceofHFGA\OnlineFaceofHFGAv1.0\Debug\rc.read.1.tlog
E:\桌面\最近项目相关\人脸检索实验\OnlineFaceofHFGA\OnlineFaceofHFGAv1.0\Debug\rc.write.1.tlog
E:\桌面\最近项目相关\人脸检索实验\OnlineFaceofHFGA\OnlineFaceofHFGAv1.0\Debug\recognition.obj
E:\桌面\最近项目相关\人脸检索实验\ONLINEFACEOFHFGA\ONLINEFACEOFHFGAV1.0\DEBUG\RECOGNITION_MODE.OBJ
E:\桌面\最近项目相关\人脸检索实验\ONLINEFACEOFHFGA\ONLINEFACEOFHFGAV1.0\DEBUG\REGISTER.OBJ
E:\桌面\最近项目相关\人脸检索实验\ONLINEFACEOFHFGA\ONLINEFACEOFHFGAV1.0\DEBUG\REGISTER_MODE.OBJ
E:\桌面\最近项目相关\人脸检索实验\ONLINEFACEOFHFGA\ONLINEFACEOFHFGAV1.0\DEBUG\SHOW_COMPARE_RESULT.OBJ
E:\桌面\最近项目相关\人脸检索实验\OnlineFaceofHFGA\OnlineFaceofHFGAv1.0\Debug\vc100.idb
E:\桌面\最近项目相关\人脸检索实验\ONLINEFACEOFHFGA\ONLINEFACEOFHFGAV1.0\DEBUG\VC100.PDB
E:\桌面\最近项目相关\人脸检索实验\ONLINEFACEOFHFGA\ONLINEFACEOFHFGAV1.0\DEBUG\VERSION_INFO_SHOW.OBJ
E:\桌面\最近项目相关\人脸检索实验\ONLINEFACEOFHFGA\ONLINEFACEOFHFGAV1.0\DEBUG\VIDEO_CAMERA.OBJ
